#
# There is insufficient memory for the Java Runtime Environment to continue.
# Native memory allocation (malloc) failed to allocate 1048576 bytes for AllocateHeap
# Possible reasons:
#   The system is out of physical RAM or swap space
#   The process is running with CompressedOops enabled, and the Java Heap may be blocking the growth of the native heap
# Possible solutions:
#   Reduce memory load on the system
#   Increase physical memory or swap space
#   Check if swap backing store is full
#   Decrease Java heap size (-Xmx/-Xms)
#   Decrease number of Java threads
#   Decrease Java thread stack sizes (-Xss)
#   Set larger code cache with -XX:ReservedCodeCacheSize=
#   JVM is running with Unscaled Compressed Oops mode in which the Java heap is
#     placed in the first 4GB address space. The Java Heap base address is the
#     maximum limit for the native heap growth. Please use -XX:HeapBaseMinAddress
#     to set the Java Heap base and to place the Java Heap above 4GB virtual address.
# This output file may be truncated or incomplete.
#
#  Out of Memory Error (memory/allocation.inline.hpp:61), pid=2720, tid=0x0000000000000894
#
# JRE version:  (8.0_241-b07) (build )
# Java VM: Java HotSpot(TM) 64-Bit Server VM (25.241-b07 mixed mode windows-amd64 compressed oops)
# Failed to write core dump. Minidumps are not enabled by default on client versions of Windows
#

---------------  T H R E A D  ---------------

Current thread (0x0000000000f3e800):  JavaThread "Unknown thread" [_thread_in_vm, id=2196, stack(0x00000000013c0000,0x00000000014c0000)]

Stack: [0x00000000013c0000,0x00000000014c0000]
[error occurred during error reporting (printing stack bounds), id 0xc0000005]

Native frames: (J=compiled Java code, j=interpreted, Vv=VM code, C=native code)


---------------  P R O C E S S  ---------------

Java Threads: ( => current thread )

Other Threads:

=>0x0000000000f3e800 (exited) JavaThread "Unknown thread" [_thread_in_vm, id=2196, stack(0x00000000013c0000,0x00000000014c0000)]

VM state:not at safepoint (normal execution)

VM Mutex/Monitor currently owned by a thread: None

heap address: 0x00000000c3200000, size: 974 MB, Compressed Oops mode: 32-bit
Narrow klass base: 0x0000000000000000, Narrow klass shift: 3
Compressed class space size: 1073741824 Address: 0x0000000100000000

Heap:
 PSYoungGen      total 18432K, used 317K [0x00000000ebb80000, 0x00000000ed000000, 0x0000000100000000)
  eden space 15872K, 2% used [0x00000000ebb80000,0x00000000ebbcf5d0,0x00000000ecb00000)
  from space 2560K, 0% used [0x00000000ecd80000,0x00000000ecd80000,0x00000000ed000000)
  to   space 2560K, 0% used [0x00000000ecb00000,0x00000000ecb00000,0x00000000ecd80000)
 ParOldGen       total 42496K, used 0K [0x00000000c3200000, 0x00000000c5b80000, 0x00000000ebb80000)
  object space 42496K, 0% used [0x00000000c3200000,0x00000000c3200000,0x00000000c5b80000)
 Metaspace       used 776K, capacity 4480K, committed 4480K, reserved 1056768K
  class space    used 76K, capacity 384K, committed 384K, reserved 1048576K

Card table byte_map: [0x00000000123d0000,0x00000000125c0000] byte_map_base: 0x0000000011db7000

Marking Bits: (ParMarkBitMap*) 0x000000007716be30
 Begin Bits: [0x0000000012b10000, 0x0000000013a48000)
 End Bits:   [0x0000000013a48000, 0x0000000014980000)

Polling page: 0x0000000000f40000

CodeCache: size=245760Kb used=328Kb max_used=328Kb free=245431Kb
 bounds [0x0000000003010000, 0x0000000003280000, 0x0000000012010000]
 total_blobs=58 nmethods=0 adapters=38
 compilation: enabled

Compilation events (0 events):
No events

GC Heap History (0 events):
No events

Deoptimization events (0 events):
No events

Classes redefined (0 events):
No events

Internal exceptions (0 events):
No events

Events (10 events):
Event: 0.047 loading class java/lang/Short
Event: 0.047 loading class java/lang/Short done
Event: 0.047 loading class java/lang/Integer
Event: 0.047 loading class java/lang/Integer done
Event: 0.047 loading class java/lang/Long
Event: 0.047 loading class java/lang/Long done
Event: 0.051 loading class java/lang/NullPointerException
Event: 0.051 loading class java/lang/NullPointerException done
Event: 0.051 loading class java/lang/ArithmeticException
Event: 0.051 loading class java/lang/ArithmeticException done


Dynamic libraries:
0x00007ff6b6a20000 - 0x00007ff6b6a57000 	C:\Program Files\Java\jdk1.8.0_241\bin\java.exe
0x00007ff8b6c10000 - 0x00007ff8b6dfd000 	C:\Windows\SYSTEM32\ntdll.dll
0x00007ff8b4480000 - 0x00007ff8b4533000 	C:\Windows\System32\KERNEL32.DLL
0x00007ff8b3b90000 - 0x00007ff8b3e23000 	C:\Windows\System32\KERNELBASE.dll
0x00007ff8b6200000 - 0x00007ff8b62a3000 	C:\Windows\System32\ADVAPI32.dll
0x00007ff8b4bb0000 - 0x00007ff8b4c4e000 	C:\Windows\System32\msvcrt.dll
0x00007ff8b4230000 - 0x00007ff8b42ce000 	C:\Windows\System32\sechost.dll
0x00007ff8b64d0000 - 0x00007ff8b65f2000 	C:\Windows\System32\RPCRT4.dll
0x00007ff8b4090000 - 0x00007ff8b4227000 	C:\Windows\System32\USER32.dll
0x00007ff8b30e0000 - 0x00007ff8b3100000 	C:\Windows\System32\win32u.dll
0x00007ff8b4550000 - 0x00007ff8b4579000 	C:\Windows\System32\GDI32.dll
0x00007ff8b2ee0000 - 0x00007ff8b3079000 	C:\Windows\System32\gdi32full.dll
0x00007ff8b3900000 - 0x00007ff8b39a0000 	C:\Windows\System32\msvcp_win.dll
0x00007ff8b39a0000 - 0x00007ff8b3a9a000 	C:\Windows\System32\ucrtbase.dll
0x00007ff8a6cf0000 - 0x00007ff8a6f69000 	C:\Windows\WinSxS\amd64_microsoft.windows.common-controls_6595b64144ccf1df_6.0.17763.1098_none_de762ed45346ee8a\COMCTL32.dll
0x00007ff8b45a0000 - 0x00007ff8b48cc000 	C:\Windows\System32\combase.dll
0x00007ff8b3aa0000 - 0x00007ff8b3b1e000 	C:\Windows\System32\bcryptPrimitives.dll
0x00007ff8b6600000 - 0x00007ff8b662e000 	C:\Windows\System32\IMM32.DLL
0x00000000771f0000 - 0x00000000772c2000 	C:\Program Files\Java\jdk1.8.0_241\jre\bin\msvcr100.dll
0x0000000076940000 - 0x00000000771ec000 	C:\Program Files\Java\jdk1.8.0_241\jre\bin\server\jvm.dll
0x00007ff8b4590000 - 0x00007ff8b4598000 	C:\Windows\System32\PSAPI.DLL
0x00007ff8a31f0000 - 0x00007ff8a31f9000 	C:\Windows\SYSTEM32\WSOCK32.dll
0x00007ff8a9460000 - 0x00007ff8a9484000 	C:\Windows\SYSTEM32\WINMM.dll
0x00007ff8b4b40000 - 0x00007ff8b4bad000 	C:\Windows\System32\WS2_32.dll
0x00007ff8adbe0000 - 0x00007ff8adbea000 	C:\Windows\SYSTEM32\VERSION.dll
0x00007ff8a9430000 - 0x00007ff8a945d000 	C:\Windows\SYSTEM32\winmmbase.dll
0x00007ff8b3b20000 - 0x00007ff8b3b6a000 	C:\Windows\System32\cfgmgr32.dll
0x00007ff8ae5e0000 - 0x00007ff8ae5ef000 	C:\Program Files\Java\jdk1.8.0_241\jre\bin\verify.dll
0x00007ff8a8790000 - 0x00007ff8a87b9000 	C:\Program Files\Java\jdk1.8.0_241\jre\bin\java.dll
0x00007ff8a7b00000 - 0x00007ff8a7b23000 	C:\Program Files\Java\jdk1.8.0_241\jre\bin\instrument.dll
0x00007ff8a79b0000 - 0x00007ff8a79c6000 	C:\Program Files\Java\jdk1.8.0_241\jre\bin\zip.dll

VM Arguments:
jvm_args: -javaagent:C:\Program Files\JetBrains\IntelliJ IDEA 2019.3.2\lib\idea_rt.jar=55518:C:\Program Files\JetBrains\IntelliJ IDEA 2019.3.2\bin -Dfile.encoding=UTF-8 
java_command: com.company.HowDartWaderBecomeNice
java_class_path (initial): C:\Program Files\Java\jdk1.8.0_241\jre\lib\charsets.jar;C:\Program Files\Java\jdk1.8.0_241\jre\lib\deploy.jar;C:\Program Files\Java\jdk1.8.0_241\jre\lib\ext\access-bridge-64.jar;C:\Program Files\Java\jdk1.8.0_241\jre\lib\ext\cldrdata.jar;C:\Program Files\Java\jdk1.8.0_241\jre\lib\ext\dnsns.jar;C:\Program Files\Java\jdk1.8.0_241\jre\lib\ext\jaccess.jar;C:\Program Files\Java\jdk1.8.0_241\jre\lib\ext\jfxrt.jar;C:\Program Files\Java\jdk1.8.0_241\jre\lib\ext\localedata.jar;C:\Program Files\Java\jdk1.8.0_241\jre\lib\ext\nashorn.jar;C:\Program Files\Java\jdk1.8.0_241\jre\lib\ext\sunec.jar;C:\Program Files\Java\jdk1.8.0_241\jre\lib\ext\sunjce_provider.jar;C:\Program Files\Java\jdk1.8.0_241\jre\lib\ext\sunmscapi.jar;C:\Program Files\Java\jdk1.8.0_241\jre\lib\ext\sunpkcs11.jar;C:\Program Files\Java\jdk1.8.0_241\jre\lib\ext\zipfs.jar;C:\Program Files\Java\jdk1.8.0_241\jre\lib\javaws.jar;C:\Program Files\Java\jdk1.8.0_241\jre\lib\jce.jar;C:\Program Files\Java\jdk1.8.0_241\jre\lib\jfr.jar;C:\Program Files\Java\jdk1.8.0_241\jre\lib\jfxswt.jar;C:\Program Files\Java\jdk1.8.0_241\jre\lib\jsse.jar;C:\Program Files\Java\jdk1.8.0_241\jre\lib\management-agent.jar;C:\Program Files\Java\jdk1.8.0_241\jre\lib\plugin.jar;C:\Program Files\Java\jdk1.8.0_241\jre\lib\resources.jar;C:\Program Files\Java\jdk1.8.0_241\jre\lib\rt.jar;C:\Users\QA engineer\IdeaProjects\untitled\out\production\untitled;C:\Program Files\JetBrains\IntelliJ IDEA 2019.3.2\lib\idea_rt.jar
Launcher Type: SUN_STANDARD

Environment Variables:
PATH=C:\Program Files (x86)\Common Files\Oracle\Java\javapath;C:\Windows\system32;C:\Windows;C:\Windows\System32\Wbem;C:\Windows\System32\WindowsPowerShell\v1.0\;C:\Windows\System32\OpenSSH\;C:\Program Files (x86)\Intel\Intel(R) Management Engine Components\DAL;C:\Program Files\Intel\Intel(R) Management Engine Components\DAL;C:\Program Files\Git\cmd;C:\Program Files (x86)\Microsoft SQL Server\150\DTS\Binn\;C:\Users\QA engineer\AppData\Local\Programs\Python\Python38-32\Scripts\;C:\Users\QA engineer\AppData\Local\Programs\Python\Python38-32\;C:\Users\QA engineer\AppData\Local\Microsoft\WindowsApps;;C:\Program Files\JetBrains\IntelliJ IDEA 2019.3.2\bin;;C:\Program Files\JetBrains\PyCharm 2019.3.3\bin;
USERNAME=QA engineer
OS=Windows_NT
PROCESSOR_IDENTIFIER=Intel64 Family 6 Model 78 Stepping 3, GenuineIntel



---------------  S Y S T E M  ---------------

OS: Windows 10.0 , 64 bit Build 17763 (10.0.17763.475)

CPU:total 4 (initial active 4) (2 cores per cpu, 2 threads per core) family 6 model 78 stepping 3, cmov, cx8, fxsr, mmx, sse, sse2, sse3, ssse3, sse4.1, sse4.2, popcnt, avx, avx2, aes, clmul, erms, 3dnowpref, lzcnt, ht, tsc, tscinvbit, bmi1, bmi2, adx

Memory: 4k page, physical 3987216k(528776k free), swap 9107216k(5636k free)

vm_info: Java HotSpot(TM) 64-Bit Server VM (25.241-b07) for windows-amd64 JRE (1.8.0_241-b07), built on Dec 11 2019 10:21:40 by "rejava" with MS VC++ 10.0 (VS2010)

time: Sat Mar 14 19:27:36 2020
timezone: FLE Standard Time
elapsed time: 0 seconds (0d 0h 0m 0s)

